This is pdfTeX, Version 3.14159265-2.6-1.40.16 (TeX Live 2015/Debian) (preloaded format=pdflatex 2018.10.24)  25 MAR 2019 11:39
entering extended mode
 restricted \write18 enabled.
 %&-line parsing enabled.
**main.tex
(./main.tex
LaTeX2e <2016/02/01>
Babel <3.9q> and hyphenation patterns for 81 language(s) loaded.
(./esoform.cls
Document Class: esoform 
(/usr/share/texlive/texmf-dist/tex/latex/base/article.cls
Document Class: article 2014/09/29 v1.4h Standard LaTeX document class
(/usr/share/texlive/texmf-dist/tex/latex/base/size10.clo
File: size10.clo 2014/09/29 v1.4h Standard LaTeX file (size option)
)
\c@part=\count79
\c@section=\count80
\c@subsection=\count81
\c@subsubsection=\count82
\c@paragraph=\count83
\c@subparagraph=\count84
\c@figure=\count85
\c@table=\count86
\abovecaptionskip=\skip41
\belowcaptionskip=\skip42
\bibindent=\dimen102
) (./common2e.sty
Package: common2e 

(./config.sty) (/usr/share/texlive/texmf-dist/tex/latex/base/latexsym.sty
Package: latexsym 1998/08/17 v2.2e Standard LaTeX package (lasy symbols)
\symlasy=\mathgroup4
LaTeX Font Info:    Overwriting symbol font `lasy' in version `bold'
(Font)                  U/lasy/m/n --> U/lasy/b/n on input line 52.
)
(/usr/share/texlive/texmf-dist/tex/latex/base/ifthen.sty
Package: ifthen 2014/09/29 v1.1c Standard LaTeX ifthen package (DPC)
)
\tmpCntOne=\count87
\tmpCntTwo=\count88
\tmpCntThree=\count89
\tmpCntFour=\count90
\tmpCntFive=\count91
\tmpCntSix=\count92

(/usr/share/texlive/texmf-dist/tex/latex/graphics/graphicx.sty
Package: graphicx 2014/10/28 v1.0g Enhanced LaTeX Graphics (DPC,SPQR)

(/usr/share/texlive/texmf-dist/tex/latex/graphics/keyval.sty
Package: keyval 2014/10/28 v1.15 key=value parser (DPC)
\KV@toks@=\toks14
)
(/usr/share/texlive/texmf-dist/tex/latex/graphics/graphics.sty
Package: graphics 2016/01/03 v1.0q Standard LaTeX Graphics (DPC,SPQR)

(/usr/share/texlive/texmf-dist/tex/latex/graphics/trig.sty
Package: trig 2016/01/03 v1.10 sin cos tan (DPC)
)
(/usr/share/texlive/texmf-dist/tex/latex/latexconfig/graphics.cfg
File: graphics.cfg 2010/04/23 v1.9 graphics configuration of TeX Live
)
Package graphics Info: Driver file: pdftex.def on input line 95.

(/usr/share/texlive/texmf-dist/tex/latex/pdftex-def/pdftex.def
File: pdftex.def 2011/05/27 v0.06d Graphics/color for pdfTeX

(/usr/share/texlive/texmf-dist/tex/generic/oberdiek/infwarerr.sty
Package: infwarerr 2010/04/08 v1.3 Providing info/warning/error messages (HO)
)
(/usr/share/texlive/texmf-dist/tex/generic/oberdiek/ltxcmds.sty
Package: ltxcmds 2011/11/09 v1.22 LaTeX kernel commands for general use (HO)
)
\Gread@gobject=\count93
))
\Gin@req@height=\dimen103
\Gin@req@width=\dimen104
)
\strCount=\count94
\sepCount=\count95
\@boxNoCount=\count96
\@obsRunCounter=\count97
\@obsRunCounterOverflow=\count98
\c@CoIcounter=\count99
\@targetsCounter=\count100
\@targetsCounterOverflow=\count101
\@targetsOverflowPage=\count102
\@coisnewCounter=\count103
\@coisnewCounterOverflow=\count104
\@coisnewOverflowPage=\count105
\@instConfCounter=\count106
\@vltitargetsCounter=\count107
\@vltitargetsCounterOverflow=\count108
\@vltitargetsOverflowPage=\count109
\@tooRunCounter=\count110
\@tooRunCounterOverflow=\count111
\@tooRunOverflowPage=\count112
))
(./main.aux)
\openout1 = `main.aux'.

LaTeX Font Info:    Checking defaults for OML/cmm/m/it on input line 73.
LaTeX Font Info:    ... okay on input line 73.
LaTeX Font Info:    Checking defaults for T1/cmr/m/n on input line 73.
LaTeX Font Info:    ... okay on input line 73.
LaTeX Font Info:    Checking defaults for OT1/cmr/m/n on input line 73.
LaTeX Font Info:    ... okay on input line 73.
LaTeX Font Info:    Checking defaults for OMS/cmsy/m/n on input line 73.
LaTeX Font Info:    ... okay on input line 73.
LaTeX Font Info:    Checking defaults for OMX/cmex/m/n on input line 73.
LaTeX Font Info:    ... okay on input line 73.
LaTeX Font Info:    Checking defaults for U/cmr/m/n on input line 73.
LaTeX Font Info:    ... okay on input line 73.
 (/usr/share/texlive/texmf-dist/tex/context/base/supp-pdf.mkii
[Loading MPS to PDF converter (version 2006.09.02).]
\scratchcounter=\count113
\scratchdimen=\dimen105
\scratchbox=\box26
\nofMPsegments=\count114
\nofMParguments=\count115
\everyMPshowfont=\toks15
\MPscratchCnt=\count116
\MPscratchDim=\dimen106
\MPnumerator=\count117
\makeMPintoPDFobject=\count118
\everyMPtoPDFconversion=\toks16
) (/usr/share/texlive/texmf-dist/tex/generic/oberdiek/pdftexcmds.sty
Package: pdftexcmds 2011/11/29 v0.20 Utility functions of pdfTeX for LuaTeX (HO
)

(/usr/share/texlive/texmf-dist/tex/generic/oberdiek/ifluatex.sty
Package: ifluatex 2010/03/01 v1.3 Provides the ifluatex switch (HO)
Package ifluatex Info: LuaTeX not detected.
)
(/usr/share/texlive/texmf-dist/tex/generic/oberdiek/ifpdf.sty
Package: ifpdf 2011/01/30 v2.3 Provides the ifpdf switch (HO)
Package ifpdf Info: pdfTeX in PDF mode is detected.
)
Package pdftexcmds Info: LuaTeX not detected.
Package pdftexcmds Info: \pdf@primitive is available.
Package pdftexcmds Info: \pdf@ifprimitive is available.
Package pdftexcmds Info: \pdfdraftmode found.
)
(/usr/share/texlive/texmf-dist/tex/latex/oberdiek/epstopdf-base.sty
Package: epstopdf-base 2010/02/09 v2.5 Base part for package epstopdf

(/usr/share/texlive/texmf-dist/tex/latex/oberdiek/grfext.sty
Package: grfext 2010/08/19 v1.1 Manage graphics extensions (HO)

(/usr/share/texlive/texmf-dist/tex/generic/oberdiek/kvdefinekeys.sty
Package: kvdefinekeys 2011/04/07 v1.3 Define keys (HO)
))
(/usr/share/texlive/texmf-dist/tex/latex/oberdiek/kvoptions.sty
Package: kvoptions 2011/06/30 v3.11 Key value format for package options (HO)

(/usr/share/texlive/texmf-dist/tex/generic/oberdiek/kvsetkeys.sty
Package: kvsetkeys 2012/04/25 v1.16 Key value parser (HO)

(/usr/share/texlive/texmf-dist/tex/generic/oberdiek/etexcmds.sty
Package: etexcmds 2011/02/16 v1.5 Avoid name clashes with e-TeX commands (HO)
Package etexcmds Info: Could not find \expanded.
(etexcmds)             That can mean that you are not using pdfTeX 1.50 or
(etexcmds)             that some package has redefined \expanded.
(etexcmds)             In the latter case, load this package earlier.
)))
Package grfext Info: Graphics extension search list:
(grfext)             [.png,.pdf,.jpg,.mps,.jpeg,.jbig2,.jb2,.PNG,.PDF,.JPG,.JPE
G,.JBIG2,.JB2,.eps]
(grfext)             \AppendGraphicsExtensions on input line 452.

(/usr/share/texlive/texmf-dist/tex/latex/latexconfig/epstopdf-sys.cfg
File: epstopdf-sys.cfg 2010/07/13 v1.3 Configuration of (r)epstopdf for TeX Liv
e
))
<esologo.pdf, id=1, 2677.00125pt x 3491.0425pt>
File: esologo.pdf Graphic file (type pdf)
 <use esologo.pdf>
Package pdftex.def Info: esologo.pdf used on input line 1341.
(pdftex.def)             Requested size: 65.438pt x 85.35826pt.
LaTeX Font Info:    External font `cmex10' loaded for size
(Font)              <6> on input line 1341.
LaTeX Font Info:    External font `cmex10' loaded for size
(Font)              <5> on input line 1341.
LaTeX Font Info:    Try loading font information for U+lasy on input line 1341.


(/usr/share/texlive/texmf-dist/tex/latex/base/ulasy.fd
File: ulasy.fd 1998/08/17 v2.2e LaTeX symbol font definitions
) B6
LaTeX Font Info:    External font `cmex10' loaded for size
(Font)              <7> on input line 1341.


WARNING - Line 1341: Text field too long. Internally truncated in Box 2.


LaTeX Font Warning: Font shape `OT1/cmss/m/n' in size <13> not available
(Font)              size <12> substituted on input line 1341.

[1

{/var/lib/texmf/fonts/map/pdftex/updmap/pdftex.map} <./esologo.pdf>] [2]
<figure.jpg, id=31, 3745.995pt x 1256.695pt>
File: figure.jpg Graphic file (type jpg)
 <use figure.jpg>
Package pdftex.def Info: figure.jpg used on input line 1341.
(pdftex.def)             Requested size: 426.79134pt x 143.16501pt.
 [3 <./figure.jpg>] [4] [5]
\runCount=\count119
\tmprunCount=\count120
\runLen=\count121
LaTeX Font Info:    External font `cmex10' loaded for size
(Font)              <9> on input line 1341.
LaTeX Font Info:    External font `cmex10' loaded for size
(Font)              <8> on input line 1341.
 [6] [7]
\insCount=\count122
\tmpCount=\count123
\insLen=\count124
 [8] [9]

************************************************************************
************************************************************************
************** This proposal has compiled successfully. ****************
Please do check for warnings in the corresponding log file.
PLEASE NOTE THE FOLLOWING:
1. The correct institute codes must be entered for EACH Co-I.
A full list of institute codes can be found at: 
http://www.eso.org/sci/observing/phase1/countryselect.html
2. If the PI username has been filled in incorrectly the receiver will 
either reject the proposal or assign the proposal to the wrong user.
************************************************************************
************************************************************************

(./main.aux)

LaTeX Font Warning: Size substitutions with differences
(Font)              up to 1.0pt have occurred.

 ) 
Here is how much of TeX's memory you used:
 2346 strings out of 493029
 31637 string characters out of 6136233
 136278 words of memory out of 5000000
 5862 multiletter control sequences out of 15000+600000
 9794 words of font info for 38 fonts, out of 8000000 for 9000
 1141 hyphenation exceptions out of 8191
 41i,18n,28p,1432b,331s stack positions out of 5000i,500n,10000p,200000b,80000s
</usr/share/texlive/texmf-dist/fonts/type1/public/amsfonts/cm/cmbx10.pfb></us
r/share/texlive/texmf-dist/fonts/type1/public/amsfonts/cm/cmmi10.pfb></usr/shar
e/texlive/texmf-dist/fonts/type1/public/amsfonts/cm/cmmi8.pfb></usr/share/texli
ve/texmf-dist/fonts/type1/public/amsfonts/cm/cmr10.pfb></usr/share/texlive/texm
f-dist/fonts/type1/public/amsfonts/cm/cmr6.pfb></usr/share/texlive/texmf-dist/f
onts/type1/public/amsfonts/cm/cmr7.pfb></usr/share/texlive/texmf-dist/fonts/typ
e1/public/amsfonts/cm/cmr8.pfb></usr/share/texlive/texmf-dist/fonts/type1/publi
c/amsfonts/cm/cmr9.pfb></usr/share/texlive/texmf-dist/fonts/type1/public/amsfon
ts/cm/cmss10.pfb></usr/share/texlive/texmf-dist/fonts/type1/public/amsfonts/cm/
cmss12.pfb></usr/share/texlive/texmf-dist/fonts/type1/public/amsfonts/cm/cmssbx
10.pfb></usr/share/texlive/texmf-dist/fonts/type1/public/amsfonts/cm/cmsy10.pfb
></usr/share/texlive/texmf-dist/fonts/type1/public/amsfonts/cm/cmsy6.pfb></usr/
share/texlive/texmf-dist/fonts/type1/public/amsfonts/cm/cmsy7.pfb></usr/share/t
exlive/texmf-dist/fonts/type1/public/amsfonts/cm/cmti10.pfb>
Output written on main.pdf (9 pages, 2464315 bytes).
PDF statistics:
 104 PDF objects out of 1000 (max. 8388607)
 73 compressed objects within 1 object stream
 0 named destinations out of 1000 (max. 500000)
 11 words of extra memory for PDF output out of 10000 (max. 10000000)

